{"C:\\Users\\fgs\\Desktop\\MARTIN Sirius\\twitter-backend\\node\\express-prisma-typescript\\src\\domains\\auth\\service\\auth.service.impl.ts": {"path":"C:\\Users\\fgs\\Desktop\\MARTIN Sirius\\twitter-backend\\node\\express-prisma-typescript\\src\\domains\\auth\\service\\auth.service.impl.ts","statementMap":{"0":{"start":{"line":2,"column":0},"end":{"line":2,"column":null}},"1":{"start":{"line":15,"column":32},"end":{"line":15,"column":58}},"2":{"start":{"line":18,"column":25},"end":{"line":18,"column":94}},"3":{"start":{"line":19,"column":4},"end":{"line":19,"column":null}},"4":{"start":{"line":19,"column":22},"end":{"line":19,"column":null}},"5":{"start":{"line":21,"column":30},"end":{"line":21,"column":66}},"6":{"start":{"line":23,"column":17},"end":{"line":23,"column":87}},"7":{"start":{"line":24,"column":18},"end":{"line":24,"column":58}},"8":{"start":{"line":26,"column":4},"end":{"line":26,"column":null}},"9":{"start":{"line":30,"column":17},"end":{"line":30,"column":86}},"10":{"start":{"line":31,"column":4},"end":{"line":31,"column":null}},"11":{"start":{"line":31,"column":15},"end":{"line":31,"column":null}},"12":{"start":{"line":33,"column":30},"end":{"line":33,"column":79}},"13":{"start":{"line":35,"column":4},"end":{"line":35,"column":null}},"14":{"start":{"line":35,"column":28},"end":{"line":35,"column":null}},"15":{"start":{"line":37,"column":18},"end":{"line":37,"column":58}},"16":{"start":{"line":39,"column":4},"end":{"line":39,"column":null}},"17":{"start":{"line":14,"column":0},"end":{"line":14,"column":13}}},"fnMap":{"0":{"name":"(anonymous_0)","decl":{"start":{"line":15,"column":2},"end":{"line":15,"column":32}},"loc":{"start":{"line":15,"column":58},"end":{"line":15,"column":62}}},"1":{"name":"(anonymous_1)","decl":{"start":{"line":17,"column":2},"end":{"line":17,"column":7}},"loc":{"start":{"line":17,"column":36},"end":{"line":27,"column":3}}},"2":{"name":"(anonymous_2)","decl":{"start":{"line":29,"column":2},"end":{"line":29,"column":7}},"loc":{"start":{"line":29,"column":34},"end":{"line":40,"column":3}}}},"branchMap":{"0":{"loc":{"start":{"line":19,"column":4},"end":{"line":19,"column":null}},"type":"if","locations":[{"start":{"line":19,"column":4},"end":{"line":19,"column":null}}]},"1":{"loc":{"start":{"line":31,"column":4},"end":{"line":31,"column":null}},"type":"if","locations":[{"start":{"line":31,"column":4},"end":{"line":31,"column":null}}]},"2":{"loc":{"start":{"line":35,"column":4},"end":{"line":35,"column":null}},"type":"if","locations":[{"start":{"line":35,"column":4},"end":{"line":35,"column":null}}]}},"s":{"0":1,"1":5,"2":2,"3":2,"4":1,"5":1,"6":1,"7":1,"8":1,"9":3,"10":3,"11":1,"12":2,"13":2,"14":1,"15":1,"16":1,"17":1},"f":{"0":5,"1":2,"2":3},"b":{"0":[1],"1":[1],"2":[1]}}
,"C:\\Users\\fgs\\Desktop\\MARTIN Sirius\\twitter-backend\\node\\express-prisma-typescript\\src\\domains\\auth\\service\\index.ts": {"path":"C:\\Users\\fgs\\Desktop\\MARTIN Sirius\\twitter-backend\\node\\express-prisma-typescript\\src\\domains\\auth\\service\\index.ts","statementMap":{"0":{"start":{"line":1,"column":0},"end":{"line":1,"column":30}},"1":{"start":{"line":2,"column":0},"end":{"line":2,"column":35}}},"fnMap":{},"branchMap":{},"s":{"0":1,"1":1},"f":{},"b":{}}
,"C:\\Users\\fgs\\Desktop\\MARTIN Sirius\\twitter-backend\\node\\express-prisma-typescript\\src\\domains\\comment\\service\\comment.service.impl.ts": {"path":"C:\\Users\\fgs\\Desktop\\MARTIN Sirius\\twitter-backend\\node\\express-prisma-typescript\\src\\domains\\comment\\service\\comment.service.impl.ts","statementMap":{"0":{"start":{"line":6,"column":0},"end":{"line":6,"column":77}},"1":{"start":{"line":12,"column":32},"end":{"line":12,"column":61}},"2":{"start":{"line":13,"column":21},"end":{"line":13,"column":49}},"3":{"start":{"line":14,"column":21},"end":{"line":14,"column":45}},"4":{"start":{"line":15,"column":21},"end":{"line":15,"column":45}},"5":{"start":{"line":16,"column":21},"end":{"line":16,"column":49}},"6":{"start":{"line":19,"column":24},"end":{"line":19,"column":78}},"7":{"start":{"line":20,"column":22},"end":{"line":20,"column":68}},"8":{"start":{"line":22,"column":4},"end":{"line":22,"column":null}},"9":{"start":{"line":26,"column":4},"end":{"line":26,"column":null}},"10":{"start":{"line":26,"column":24},"end":{"line":26,"column":null}},"11":{"start":{"line":27,"column":4},"end":{"line":27,"column":null}},"12":{"start":{"line":27,"column":55},"end":{"line":27,"column":95}},"13":{"start":{"line":31,"column":4},"end":{"line":31,"column":null}},"14":{"start":{"line":31,"column":24},"end":{"line":31,"column":null}},"15":{"start":{"line":32,"column":4},"end":{"line":32,"column":null}},"16":{"start":{"line":32,"column":55},"end":{"line":32,"column":95}},"17":{"start":{"line":36,"column":17},"end":{"line":36,"column":52}},"18":{"start":{"line":37,"column":4},"end":{"line":37,"column":null}},"19":{"start":{"line":37,"column":15},"end":{"line":37,"column":null}},"20":{"start":{"line":39,"column":26},"end":{"line":39,"column":80}},"21":{"start":{"line":41,"column":4},"end":{"line":41,"column":null}},"22":{"start":{"line":41,"column":24},"end":{"line":41,"column":null}},"23":{"start":{"line":43,"column":23},"end":{"line":43,"column":78}},"24":{"start":{"line":44,"column":4},"end":{"line":44,"column":null}},"25":{"start":{"line":46,"column":4},"end":{"line":46,"column":null}},"26":{"start":{"line":50,"column":17},"end":{"line":50,"column":52}},"27":{"start":{"line":51,"column":4},"end":{"line":51,"column":null}},"28":{"start":{"line":51,"column":15},"end":{"line":51,"column":null}},"29":{"start":{"line":52,"column":26},"end":{"line":52,"column":79}},"30":{"start":{"line":53,"column":4},"end":{"line":53,"column":null}},"31":{"start":{"line":53,"column":24},"end":{"line":53,"column":null}},"32":{"start":{"line":55,"column":21},"end":{"line":55,"column":68}},"33":{"start":{"line":57,"column":4},"end":{"line":59,"column":null}},"34":{"start":{"line":58,"column":6},"end":{"line":58,"column":null}},"35":{"start":{"line":61,"column":4},"end":{"line":61,"column":null}},"36":{"start":{"line":65,"column":17},"end":{"line":65,"column":52}},"37":{"start":{"line":66,"column":4},"end":{"line":66,"column":null}},"38":{"start":{"line":66,"column":15},"end":{"line":66,"column":null}},"39":{"start":{"line":67,"column":26},"end":{"line":67,"column":80}},"40":{"start":{"line":68,"column":4},"end":{"line":68,"column":null}},"41":{"start":{"line":68,"column":24},"end":{"line":68,"column":null}},"42":{"start":{"line":69,"column":21},"end":{"line":69,"column":77}},"43":{"start":{"line":71,"column":4},"end":{"line":74,"column":null}},"44":{"start":{"line":72,"column":6},"end":{"line":72,"column":null}},"45":{"start":{"line":73,"column":6},"end":{"line":73,"column":null}},"46":{"start":{"line":76,"column":4},"end":{"line":76,"column":null}},"47":{"start":{"line":11,"column":0},"end":{"line":11,"column":13}}},"fnMap":{"0":{"name":"(anonymous_0)","decl":{"start":{"line":12,"column":2},"end":{"line":12,"column":32}},"loc":{"start":{"line":16,"column":49},"end":{"line":16,"column":53}}},"1":{"name":"(anonymous_1)","decl":{"start":{"line":18,"column":10},"end":{"line":18,"column":15}},"loc":{"start":{"line":18,"column":73},"end":{"line":23,"column":3}}},"2":{"name":"(anonymous_2)","decl":{"start":{"line":25,"column":10},"end":{"line":25,"column":15}},"loc":{"start":{"line":25,"column":55},"end":{"line":28,"column":3}}},"3":{"name":"(anonymous_3)","decl":{"start":{"line":27,"column":40},"end":{"line":27,"column":45}},"loc":{"start":{"line":27,"column":55},"end":{"line":27,"column":95}}},"4":{"name":"(anonymous_4)","decl":{"start":{"line":30,"column":10},"end":{"line":30,"column":15}},"loc":{"start":{"line":30,"column":47},"end":{"line":33,"column":3}}},"5":{"name":"(anonymous_5)","decl":{"start":{"line":32,"column":40},"end":{"line":32,"column":45}},"loc":{"start":{"line":32,"column":55},"end":{"line":32,"column":95}}},"6":{"name":"(anonymous_6)","decl":{"start":{"line":35,"column":2},"end":{"line":35,"column":7}},"loc":{"start":{"line":35,"column":77},"end":{"line":47,"column":3}}},"7":{"name":"(anonymous_7)","decl":{"start":{"line":49,"column":2},"end":{"line":49,"column":7}},"loc":{"start":{"line":49,"column":63},"end":{"line":62,"column":3}}},"8":{"name":"(anonymous_8)","decl":{"start":{"line":64,"column":2},"end":{"line":64,"column":7}},"loc":{"start":{"line":64,"column":84},"end":{"line":77,"column":3}}}},"branchMap":{"0":{"loc":{"start":{"line":22,"column":11},"end":{"line":22,"column":36}},"type":"binary-expr","locations":[{"start":{"line":22,"column":11},"end":{"line":22,"column":21}},{"start":{"line":22,"column":25},"end":{"line":22,"column":36}}]},"1":{"loc":{"start":{"line":26,"column":4},"end":{"line":26,"column":null}},"type":"if","locations":[{"start":{"line":26,"column":4},"end":{"line":26,"column":null}}]},"2":{"loc":{"start":{"line":31,"column":4},"end":{"line":31,"column":null}},"type":"if","locations":[{"start":{"line":31,"column":4},"end":{"line":31,"column":null}}]},"3":{"loc":{"start":{"line":37,"column":4},"end":{"line":37,"column":null}},"type":"if","locations":[{"start":{"line":37,"column":4},"end":{"line":37,"column":null}}]},"4":{"loc":{"start":{"line":41,"column":4},"end":{"line":41,"column":null}},"type":"if","locations":[{"start":{"line":41,"column":4},"end":{"line":41,"column":null}}]},"5":{"loc":{"start":{"line":51,"column":4},"end":{"line":51,"column":null}},"type":"if","locations":[{"start":{"line":51,"column":4},"end":{"line":51,"column":null}}]},"6":{"loc":{"start":{"line":53,"column":4},"end":{"line":53,"column":null}},"type":"if","locations":[{"start":{"line":53,"column":4},"end":{"line":53,"column":null}}]},"7":{"loc":{"start":{"line":66,"column":4},"end":{"line":66,"column":null}},"type":"if","locations":[{"start":{"line":66,"column":4},"end":{"line":66,"column":null}}]},"8":{"loc":{"start":{"line":68,"column":4},"end":{"line":68,"column":null}},"type":"if","locations":[{"start":{"line":68,"column":4},"end":{"line":68,"column":null}}]},"9":{"loc":{"start":{"line":73,"column":38},"end":{"line":73,"column":141}},"type":"cond-expr","locations":[{"start":{"line":73,"column":70},"end":{"line":73,"column":134}},{"start":{"line":73,"column":137},"end":{"line":73,"column":141}}]}},"s":{"0":1,"1":15,"2":15,"3":15,"4":15,"5":15,"6":11,"7":11,"8":11,"9":3,"10":2,"11":1,"12":2,"13":10,"14":4,"15":6,"16":8,"17":5,"18":5,"19":1,"20":4,"21":4,"22":1,"23":3,"24":3,"25":3,"26":4,"27":4,"28":1,"29":3,"30":3,"31":1,"32":2,"33":2,"34":4,"35":2,"36":5,"37":5,"38":1,"39":4,"40":4,"41":1,"42":3,"43":3,"44":6,"45":6,"46":3,"47":1},"f":{"0":15,"1":11,"2":3,"3":2,"4":10,"5":8,"6":5,"7":4,"8":5},"b":{"0":[11,8],"1":[2],"2":[4],"3":[1],"4":[1],"5":[1],"6":[1],"7":[1],"8":[1],"9":[1,5]}}
,"C:\\Users\\fgs\\Desktop\\MARTIN Sirius\\twitter-backend\\node\\express-prisma-typescript\\src\\domains\\comment\\service\\index.ts": {"path":"C:\\Users\\fgs\\Desktop\\MARTIN Sirius\\twitter-backend\\node\\express-prisma-typescript\\src\\domains\\comment\\service\\index.ts","statementMap":{"0":{"start":{"line":1,"column":0},"end":{"line":1,"column":33}},"1":{"start":{"line":2,"column":0},"end":{"line":2,"column":38}}},"fnMap":{},"branchMap":{},"s":{"0":1,"1":1},"f":{},"b":{}}
,"C:\\Users\\fgs\\Desktop\\MARTIN Sirius\\twitter-backend\\node\\express-prisma-typescript\\src\\domains\\follow\\service\\follow.service.impl.ts": {"path":"C:\\Users\\fgs\\Desktop\\MARTIN Sirius\\twitter-backend\\node\\express-prisma-typescript\\src\\domains\\follow\\service\\follow.service.impl.ts","statementMap":{"0":{"start":{"line":1,"column":0},"end":{"line":1,"column":42}},"1":{"start":{"line":6,"column":32},"end":{"line":6,"column":64}},"2":{"start":{"line":9,"column":4},"end":{"line":11,"column":null}},"3":{"start":{"line":10,"column":6},"end":{"line":10,"column":null}},"4":{"start":{"line":13,"column":22},"end":{"line":13,"column":77}},"5":{"start":{"line":14,"column":4},"end":{"line":16,"column":null}},"6":{"start":{"line":15,"column":6},"end":{"line":15,"column":null}},"7":{"start":{"line":18,"column":4},"end":{"line":18,"column":null}},"8":{"start":{"line":22,"column":4},"end":{"line":24,"column":null}},"9":{"start":{"line":23,"column":6},"end":{"line":23,"column":null}},"10":{"start":{"line":26,"column":22},"end":{"line":26,"column":79}},"11":{"start":{"line":28,"column":4},"end":{"line":30,"column":null}},"12":{"start":{"line":29,"column":6},"end":{"line":29,"column":null}},"13":{"start":{"line":32,"column":4},"end":{"line":32,"column":null}},"14":{"start":{"line":5,"column":0},"end":{"line":5,"column":13}}},"fnMap":{"0":{"name":"(anonymous_0)","decl":{"start":{"line":6,"column":2},"end":{"line":6,"column":32}},"loc":{"start":{"line":6,"column":64},"end":{"line":6,"column":68}}},"1":{"name":"(anonymous_1)","decl":{"start":{"line":8,"column":2},"end":{"line":8,"column":7}},"loc":{"start":{"line":8,"column":56},"end":{"line":19,"column":3}}},"2":{"name":"(anonymous_2)","decl":{"start":{"line":21,"column":2},"end":{"line":21,"column":7}},"loc":{"start":{"line":21,"column":60},"end":{"line":33,"column":3}}}},"branchMap":{"0":{"loc":{"start":{"line":9,"column":4},"end":{"line":11,"column":null}},"type":"if","locations":[{"start":{"line":9,"column":4},"end":{"line":11,"column":null}}]},"1":{"loc":{"start":{"line":14,"column":4},"end":{"line":16,"column":null}},"type":"if","locations":[{"start":{"line":14,"column":4},"end":{"line":16,"column":null}}]},"2":{"loc":{"start":{"line":22,"column":4},"end":{"line":24,"column":null}},"type":"if","locations":[{"start":{"line":22,"column":4},"end":{"line":24,"column":null}}]},"3":{"loc":{"start":{"line":28,"column":4},"end":{"line":30,"column":null}},"type":"if","locations":[{"start":{"line":28,"column":4},"end":{"line":30,"column":null}}]}},"s":{"0":1,"1":7,"2":3,"3":1,"4":2,"5":2,"6":1,"7":1,"8":3,"9":1,"10":2,"11":2,"12":1,"13":1,"14":1},"f":{"0":7,"1":3,"2":3},"b":{"0":[1],"1":[1],"2":[1],"3":[1]}}
,"C:\\Users\\fgs\\Desktop\\MARTIN Sirius\\twitter-backend\\node\\express-prisma-typescript\\src\\domains\\follow\\service\\index.ts": {"path":"C:\\Users\\fgs\\Desktop\\MARTIN Sirius\\twitter-backend\\node\\express-prisma-typescript\\src\\domains\\follow\\service\\index.ts","statementMap":{"0":{"start":{"line":1,"column":0},"end":{"line":1,"column":32}},"1":{"start":{"line":2,"column":0},"end":{"line":2,"column":37}}},"fnMap":{},"branchMap":{},"s":{"0":1,"1":1},"f":{},"b":{}}
,"C:\\Users\\fgs\\Desktop\\MARTIN Sirius\\twitter-backend\\node\\express-prisma-typescript\\src\\domains\\message\\service\\index.ts": {"path":"C:\\Users\\fgs\\Desktop\\MARTIN Sirius\\twitter-backend\\node\\express-prisma-typescript\\src\\domains\\message\\service\\index.ts","statementMap":{"0":{"start":{"line":1,"column":0},"end":{"line":1,"column":33}},"1":{"start":{"line":2,"column":0},"end":{"line":2,"column":38}}},"fnMap":{},"branchMap":{},"s":{"0":1,"1":1},"f":{},"b":{}}
,"C:\\Users\\fgs\\Desktop\\MARTIN Sirius\\twitter-backend\\node\\express-prisma-typescript\\src\\domains\\message\\service\\message.service.impl.ts": {"path":"C:\\Users\\fgs\\Desktop\\MARTIN Sirius\\twitter-backend\\node\\express-prisma-typescript\\src\\domains\\message\\service\\message.service.impl.ts","statementMap":{"0":{"start":{"line":6,"column":32},"end":{"line":6,"column":68}},"1":{"start":{"line":9,"column":4},"end":{"line":9,"column":null}},"2":{"start":{"line":5,"column":0},"end":{"line":5,"column":13}}},"fnMap":{"0":{"name":"(anonymous_0)","decl":{"start":{"line":6,"column":2},"end":{"line":6,"column":32}},"loc":{"start":{"line":6,"column":68},"end":{"line":6,"column":72}}},"1":{"name":"(anonymous_1)","decl":{"start":{"line":8,"column":2},"end":{"line":8,"column":7}},"loc":{"start":{"line":8,"column":55},"end":{"line":10,"column":3}}}},"branchMap":{},"s":{"0":3,"1":2,"2":1},"f":{"0":3,"1":2},"b":{}}
,"C:\\Users\\fgs\\Desktop\\MARTIN Sirius\\twitter-backend\\node\\express-prisma-typescript\\src\\domains\\post\\service\\index.ts": {"path":"C:\\Users\\fgs\\Desktop\\MARTIN Sirius\\twitter-backend\\node\\express-prisma-typescript\\src\\domains\\post\\service\\index.ts","statementMap":{"0":{"start":{"line":1,"column":0},"end":{"line":1,"column":30}},"1":{"start":{"line":2,"column":0},"end":{"line":2,"column":35}}},"fnMap":{},"branchMap":{},"s":{"0":1,"1":1},"f":{},"b":{}}
,"C:\\Users\\fgs\\Desktop\\MARTIN Sirius\\twitter-backend\\node\\express-prisma-typescript\\src\\domains\\post\\service\\post.service.impl.ts": {"path":"C:\\Users\\fgs\\Desktop\\MARTIN Sirius\\twitter-backend\\node\\express-prisma-typescript\\src\\domains\\post\\service\\post.service.impl.ts","statementMap":{"0":{"start":{"line":4,"column":0},"end":{"line":4,"column":62}},"1":{"start":{"line":11,"column":32},"end":{"line":11,"column":58}},"2":{"start":{"line":12,"column":23},"end":{"line":12,"column":51}},"3":{"start":{"line":13,"column":23},"end":{"line":13,"column":47}},"4":{"start":{"line":14,"column":23},"end":{"line":14,"column":51}},"5":{"start":{"line":17,"column":24},"end":{"line":17,"column":75}},"6":{"start":{"line":18,"column":22},"end":{"line":18,"column":65}},"7":{"start":{"line":20,"column":4},"end":{"line":20,"column":null}},"8":{"start":{"line":24,"column":4},"end":{"line":24,"column":null}},"9":{"start":{"line":24,"column":24},"end":{"line":24,"column":null}},"10":{"start":{"line":25,"column":4},"end":{"line":25,"column":null}},"11":{"start":{"line":25,"column":55},"end":{"line":25,"column":95}},"12":{"start":{"line":29,"column":4},"end":{"line":29,"column":null}},"13":{"start":{"line":29,"column":24},"end":{"line":29,"column":null}},"14":{"start":{"line":30,"column":4},"end":{"line":30,"column":null}},"15":{"start":{"line":30,"column":55},"end":{"line":30,"column":95}},"16":{"start":{"line":34,"column":20},"end":{"line":34,"column":62}},"17":{"start":{"line":36,"column":4},"end":{"line":36,"column":null}},"18":{"start":{"line":38,"column":4},"end":{"line":38,"column":null}},"19":{"start":{"line":42,"column":17},"end":{"line":42,"column":54}},"20":{"start":{"line":43,"column":4},"end":{"line":43,"column":null}},"21":{"start":{"line":43,"column":15},"end":{"line":43,"column":null}},"22":{"start":{"line":44,"column":4},"end":{"line":44,"column":null}},"23":{"start":{"line":44,"column":34},"end":{"line":44,"column":null}},"24":{"start":{"line":45,"column":4},"end":{"line":45,"column":null}},"25":{"start":{"line":50,"column":17},"end":{"line":50,"column":54}},"26":{"start":{"line":51,"column":4},"end":{"line":51,"column":null}},"27":{"start":{"line":51,"column":15},"end":{"line":51,"column":null}},"28":{"start":{"line":53,"column":26},"end":{"line":53,"column":74}},"29":{"start":{"line":54,"column":4},"end":{"line":54,"column":null}},"30":{"start":{"line":54,"column":24},"end":{"line":54,"column":null}},"31":{"start":{"line":56,"column":4},"end":{"line":56,"column":null}},"32":{"start":{"line":58,"column":4},"end":{"line":58,"column":null}},"33":{"start":{"line":63,"column":18},"end":{"line":63,"column":78}},"34":{"start":{"line":65,"column":4},"end":{"line":68,"column":null}},"35":{"start":{"line":66,"column":6},"end":{"line":66,"column":null}},"36":{"start":{"line":67,"column":6},"end":{"line":67,"column":null}},"37":{"start":{"line":70,"column":4},"end":{"line":70,"column":null}},"38":{"start":{"line":75,"column":28},"end":{"line":75,"column":71}},"39":{"start":{"line":76,"column":4},"end":{"line":76,"column":null}},"40":{"start":{"line":76,"column":26},"end":{"line":76,"column":null}},"41":{"start":{"line":78,"column":18},"end":{"line":78,"column":63}},"42":{"start":{"line":80,"column":4},"end":{"line":83,"column":null}},"43":{"start":{"line":81,"column":6},"end":{"line":81,"column":null}},"44":{"start":{"line":82,"column":6},"end":{"line":82,"column":null}},"45":{"start":{"line":85,"column":4},"end":{"line":85,"column":null}},"46":{"start":{"line":10,"column":0},"end":{"line":10,"column":13}}},"fnMap":{"0":{"name":"(anonymous_0)","decl":{"start":{"line":11,"column":2},"end":{"line":11,"column":32}},"loc":{"start":{"line":14,"column":51},"end":{"line":14,"column":55}}},"1":{"name":"(anonymous_1)","decl":{"start":{"line":16,"column":10},"end":{"line":16,"column":15}},"loc":{"start":{"line":16,"column":64},"end":{"line":21,"column":3}}},"2":{"name":"(anonymous_2)","decl":{"start":{"line":23,"column":10},"end":{"line":23,"column":15}},"loc":{"start":{"line":23,"column":55},"end":{"line":26,"column":3}}},"3":{"name":"(anonymous_3)","decl":{"start":{"line":25,"column":40},"end":{"line":25,"column":45}},"loc":{"start":{"line":25,"column":55},"end":{"line":25,"column":95}}},"4":{"name":"(anonymous_4)","decl":{"start":{"line":28,"column":10},"end":{"line":28,"column":15}},"loc":{"start":{"line":28,"column":47},"end":{"line":31,"column":3}}},"5":{"name":"(anonymous_5)","decl":{"start":{"line":30,"column":40},"end":{"line":30,"column":45}},"loc":{"start":{"line":30,"column":55},"end":{"line":30,"column":95}}},"6":{"name":"(anonymous_6)","decl":{"start":{"line":33,"column":2},"end":{"line":33,"column":7}},"loc":{"start":{"line":33,"column":60},"end":{"line":39,"column":3}}},"7":{"name":"(anonymous_7)","decl":{"start":{"line":41,"column":2},"end":{"line":41,"column":7}},"loc":{"start":{"line":41,"column":50},"end":{"line":46,"column":3}}},"8":{"name":"(anonymous_8)","decl":{"start":{"line":48,"column":2},"end":{"line":48,"column":7}},"loc":{"start":{"line":48,"column":47},"end":{"line":59,"column":3}}},"9":{"name":"(anonymous_9)","decl":{"start":{"line":61,"column":2},"end":{"line":61,"column":7}},"loc":{"start":{"line":61,"column":65},"end":{"line":71,"column":3}}},"10":{"name":"(anonymous_10)","decl":{"start":{"line":73,"column":2},"end":{"line":73,"column":7}},"loc":{"start":{"line":73,"column":55},"end":{"line":86,"column":3}}}},"branchMap":{"0":{"loc":{"start":{"line":20,"column":11},"end":{"line":20,"column":59}},"type":"binary-expr","locations":[{"start":{"line":20,"column":11},"end":{"line":20,"column":21}},{"start":{"line":20,"column":25},"end":{"line":20,"column":36}},{"start":{"line":20,"column":40},"end":{"line":20,"column":59}}]},"1":{"loc":{"start":{"line":24,"column":4},"end":{"line":24,"column":null}},"type":"if","locations":[{"start":{"line":24,"column":4},"end":{"line":24,"column":null}}]},"2":{"loc":{"start":{"line":29,"column":4},"end":{"line":29,"column":null}},"type":"if","locations":[{"start":{"line":29,"column":4},"end":{"line":29,"column":null}}]},"3":{"loc":{"start":{"line":43,"column":4},"end":{"line":43,"column":null}},"type":"if","locations":[{"start":{"line":43,"column":4},"end":{"line":43,"column":null}}]},"4":{"loc":{"start":{"line":44,"column":4},"end":{"line":44,"column":null}},"type":"if","locations":[{"start":{"line":44,"column":4},"end":{"line":44,"column":null}}]},"5":{"loc":{"start":{"line":51,"column":4},"end":{"line":51,"column":null}},"type":"if","locations":[{"start":{"line":51,"column":4},"end":{"line":51,"column":null}}]},"6":{"loc":{"start":{"line":54,"column":4},"end":{"line":54,"column":null}},"type":"if","locations":[{"start":{"line":54,"column":4},"end":{"line":54,"column":null}}]},"7":{"loc":{"start":{"line":67,"column":35},"end":{"line":67,"column":132}},"type":"cond-expr","locations":[{"start":{"line":67,"column":64},"end":{"line":67,"column":125}},{"start":{"line":67,"column":128},"end":{"line":67,"column":132}}]},"8":{"loc":{"start":{"line":76,"column":4},"end":{"line":76,"column":null}},"type":"if","locations":[{"start":{"line":76,"column":4},"end":{"line":76,"column":null}}]},"9":{"loc":{"start":{"line":82,"column":35},"end":{"line":82,"column":132}},"type":"cond-expr","locations":[{"start":{"line":82,"column":64},"end":{"line":82,"column":125}},{"start":{"line":82,"column":128},"end":{"line":82,"column":132}}]}},"s":{"0":1,"1":16,"2":16,"3":16,"4":16,"5":8,"6":8,"7":8,"8":2,"9":1,"10":1,"11":2,"12":13,"13":6,"14":7,"15":14,"16":2,"17":2,"18":2,"19":3,"20":3,"21":1,"22":2,"23":1,"24":1,"25":5,"26":5,"27":1,"28":4,"29":4,"30":1,"31":3,"32":3,"33":2,"34":2,"35":4,"36":4,"37":2,"38":4,"39":4,"40":1,"41":3,"42":3,"43":6,"44":6,"45":3,"46":1},"f":{"0":16,"1":8,"2":2,"3":2,"4":13,"5":14,"6":2,"7":3,"8":5,"9":2,"10":4},"b":{"0":[8,5,3],"1":[1],"2":[6],"3":[1],"4":[1],"5":[1],"6":[1],"7":[1,3],"8":[1],"9":[4,2]}}
,"C:\\Users\\fgs\\Desktop\\MARTIN Sirius\\twitter-backend\\node\\express-prisma-typescript\\src\\domains\\reaction\\service\\index.ts": {"path":"C:\\Users\\fgs\\Desktop\\MARTIN Sirius\\twitter-backend\\node\\express-prisma-typescript\\src\\domains\\reaction\\service\\index.ts","statementMap":{"0":{"start":{"line":1,"column":0},"end":{"line":1,"column":39}},"1":{"start":{"line":2,"column":0},"end":{"line":2,"column":34}}},"fnMap":{},"branchMap":{},"s":{"0":1,"1":1},"f":{},"b":{}}
,"C:\\Users\\fgs\\Desktop\\MARTIN Sirius\\twitter-backend\\node\\express-prisma-typescript\\src\\domains\\reaction\\service\\reaction.service.impl.ts": {"path":"C:\\Users\\fgs\\Desktop\\MARTIN Sirius\\twitter-backend\\node\\express-prisma-typescript\\src\\domains\\reaction\\service\\reaction.service.impl.ts","statementMap":{"0":{"start":{"line":3,"column":0},"end":{"line":3,"column":42}},"1":{"start":{"line":7,"column":32},"end":{"line":7,"column":70}},"2":{"start":{"line":10,"column":18},"end":{"line":10,"column":73}},"3":{"start":{"line":12,"column":4},"end":{"line":14,"column":null}},"4":{"start":{"line":13,"column":6},"end":{"line":13,"column":null}},"5":{"start":{"line":16,"column":4},"end":{"line":16,"column":null}},"6":{"start":{"line":20,"column":18},"end":{"line":20,"column":73}},"7":{"start":{"line":22,"column":4},"end":{"line":24,"column":null}},"8":{"start":{"line":23,"column":6},"end":{"line":23,"column":null}},"9":{"start":{"line":26,"column":4},"end":{"line":26,"column":null}},"10":{"start":{"line":30,"column":22},"end":{"line":30,"column":80}},"11":{"start":{"line":32,"column":4},"end":{"line":34,"column":null}},"12":{"start":{"line":33,"column":6},"end":{"line":33,"column":null}},"13":{"start":{"line":36,"column":4},"end":{"line":36,"column":null}},"14":{"start":{"line":40,"column":22},"end":{"line":40,"column":80}},"15":{"start":{"line":42,"column":4},"end":{"line":44,"column":null}},"16":{"start":{"line":43,"column":6},"end":{"line":43,"column":null}},"17":{"start":{"line":46,"column":4},"end":{"line":46,"column":null}},"18":{"start":{"line":50,"column":4},"end":{"line":50,"column":null}},"19":{"start":{"line":54,"column":4},"end":{"line":54,"column":null}},"20":{"start":{"line":6,"column":0},"end":{"line":6,"column":13}}},"fnMap":{"0":{"name":"(anonymous_0)","decl":{"start":{"line":7,"column":2},"end":{"line":7,"column":32}},"loc":{"start":{"line":7,"column":70},"end":{"line":7,"column":74}}},"1":{"name":"(anonymous_1)","decl":{"start":{"line":9,"column":2},"end":{"line":9,"column":7}},"loc":{"start":{"line":9,"column":44},"end":{"line":17,"column":3}}},"2":{"name":"(anonymous_2)","decl":{"start":{"line":19,"column":2},"end":{"line":19,"column":7}},"loc":{"start":{"line":19,"column":47},"end":{"line":27,"column":3}}},"3":{"name":"(anonymous_3)","decl":{"start":{"line":29,"column":2},"end":{"line":29,"column":7}},"loc":{"start":{"line":29,"column":47},"end":{"line":37,"column":3}}},"4":{"name":"(anonymous_4)","decl":{"start":{"line":39,"column":2},"end":{"line":39,"column":7}},"loc":{"start":{"line":39,"column":49},"end":{"line":47,"column":3}}},"5":{"name":"(anonymous_5)","decl":{"start":{"line":49,"column":2},"end":{"line":49,"column":7}},"loc":{"start":{"line":49,"column":32},"end":{"line":51,"column":3}}},"6":{"name":"(anonymous_6)","decl":{"start":{"line":53,"column":2},"end":{"line":53,"column":7}},"loc":{"start":{"line":53,"column":35},"end":{"line":55,"column":3}}}},"branchMap":{"0":{"loc":{"start":{"line":12,"column":4},"end":{"line":14,"column":null}},"type":"if","locations":[{"start":{"line":12,"column":4},"end":{"line":14,"column":null}}]},"1":{"loc":{"start":{"line":22,"column":4},"end":{"line":24,"column":null}},"type":"if","locations":[{"start":{"line":22,"column":4},"end":{"line":24,"column":null}}]},"2":{"loc":{"start":{"line":32,"column":4},"end":{"line":34,"column":null}},"type":"if","locations":[{"start":{"line":32,"column":4},"end":{"line":34,"column":null}}]},"3":{"loc":{"start":{"line":42,"column":4},"end":{"line":44,"column":null}},"type":"if","locations":[{"start":{"line":42,"column":4},"end":{"line":44,"column":null}}]}},"s":{"0":1,"1":11,"2":2,"3":2,"4":1,"5":1,"6":2,"7":2,"8":1,"9":1,"10":2,"11":2,"12":1,"13":1,"14":2,"15":2,"16":1,"17":1,"18":1,"19":1,"20":1},"f":{"0":11,"1":2,"2":2,"3":2,"4":2,"5":1,"6":1},"b":{"0":[1],"1":[1],"2":[1],"3":[1]}}
,"C:\\Users\\fgs\\Desktop\\MARTIN Sirius\\twitter-backend\\node\\express-prisma-typescript\\src\\domains\\user\\service\\index.ts": {"path":"C:\\Users\\fgs\\Desktop\\MARTIN Sirius\\twitter-backend\\node\\express-prisma-typescript\\src\\domains\\user\\service\\index.ts","statementMap":{"0":{"start":{"line":1,"column":0},"end":{"line":1,"column":30}},"1":{"start":{"line":2,"column":0},"end":{"line":2,"column":35}}},"fnMap":{},"branchMap":{},"s":{"0":1,"1":1},"f":{},"b":{}}
,"C:\\Users\\fgs\\Desktop\\MARTIN Sirius\\twitter-backend\\node\\express-prisma-typescript\\src\\domains\\user\\service\\user.service.impl.ts": {"path":"C:\\Users\\fgs\\Desktop\\MARTIN Sirius\\twitter-backend\\node\\express-prisma-typescript\\src\\domains\\user\\service\\user.service.impl.ts","statementMap":{"0":{"start":{"line":1,"column":0},"end":{"line":1,"column":49}},"1":{"start":{"line":3,"column":0},"end":{"line":3,"column":57}},"2":{"start":{"line":11,"column":21},"end":{"line":11,"column":47}},"3":{"start":{"line":12,"column":21},"end":{"line":12,"column":49}},"4":{"start":{"line":13,"column":21},"end":{"line":13,"column":49}},"5":{"start":{"line":17,"column":17},"end":{"line":17,"column":54}},"6":{"start":{"line":18,"column":4},"end":{"line":18,"column":null}},"7":{"start":{"line":18,"column":15},"end":{"line":18,"column":null}},"8":{"start":{"line":20,"column":4},"end":{"line":22,"column":null}},"9":{"start":{"line":21,"column":6},"end":{"line":21,"column":null}},"10":{"start":{"line":24,"column":4},"end":{"line":24,"column":null}},"11":{"start":{"line":28,"column":17},"end":{"line":28,"column":59}},"12":{"start":{"line":29,"column":4},"end":{"line":29,"column":null}},"13":{"start":{"line":29,"column":15},"end":{"line":29,"column":null}},"14":{"start":{"line":31,"column":4},"end":{"line":31,"column":null}},"15":{"start":{"line":33,"column":23},"end":{"line":33,"column":83}},"16":{"start":{"line":35,"column":4},"end":{"line":35,"column":null}},"17":{"start":{"line":40,"column":18},"end":{"line":40,"column":85}},"18":{"start":{"line":42,"column":4},"end":{"line":44,"column":null}},"19":{"start":{"line":43,"column":6},"end":{"line":43,"column":null}},"20":{"start":{"line":46,"column":4},"end":{"line":46,"column":null}},"21":{"start":{"line":50,"column":4},"end":{"line":50,"column":null}},"22":{"start":{"line":54,"column":4},"end":{"line":54,"column":null}},"23":{"start":{"line":58,"column":4},"end":{"line":58,"column":null}},"24":{"start":{"line":62,"column":27},"end":{"line":62,"column":88}},"25":{"start":{"line":64,"column":4},"end":{"line":64,"column":null}},"26":{"start":{"line":68,"column":18},"end":{"line":68,"column":81}},"27":{"start":{"line":70,"column":4},"end":{"line":72,"column":null}},"28":{"start":{"line":71,"column":6},"end":{"line":71,"column":null}},"29":{"start":{"line":74,"column":4},"end":{"line":74,"column":null}},"30":{"start":{"line":9,"column":0},"end":{"line":9,"column":13}}},"fnMap":{"0":{"name":"(anonymous_0)","decl":{"start":{"line":10,"column":2},"end":{"line":10,"column":null}},"loc":{"start":{"line":13,"column":49},"end":{"line":14,"column":6}}},"1":{"name":"(anonymous_1)","decl":{"start":{"line":16,"column":2},"end":{"line":16,"column":7}},"loc":{"start":{"line":16,"column":37},"end":{"line":25,"column":3}}},"2":{"name":"(anonymous_2)","decl":{"start":{"line":27,"column":2},"end":{"line":27,"column":7}},"loc":{"start":{"line":27,"column":58},"end":{"line":36,"column":3}}},"3":{"name":"(anonymous_3)","decl":{"start":{"line":38,"column":2},"end":{"line":38,"column":7}},"loc":{"start":{"line":38,"column":70},"end":{"line":47,"column":3}}},"4":{"name":"(anonymous_4)","decl":{"start":{"line":49,"column":2},"end":{"line":49,"column":7}},"loc":{"start":{"line":49,"column":31},"end":{"line":51,"column":3}}},"5":{"name":"(anonymous_5)","decl":{"start":{"line":53,"column":2},"end":{"line":53,"column":7}},"loc":{"start":{"line":53,"column":32},"end":{"line":55,"column":3}}},"6":{"name":"(anonymous_6)","decl":{"start":{"line":57,"column":2},"end":{"line":57,"column":7}},"loc":{"start":{"line":57,"column":34},"end":{"line":59,"column":3}}},"7":{"name":"(anonymous_7)","decl":{"start":{"line":61,"column":2},"end":{"line":61,"column":7}},"loc":{"start":{"line":61,"column":63},"end":{"line":65,"column":3}}},"8":{"name":"(anonymous_8)","decl":{"start":{"line":67,"column":2},"end":{"line":67,"column":7}},"loc":{"start":{"line":67,"column":71},"end":{"line":75,"column":3}}}},"branchMap":{"0":{"loc":{"start":{"line":18,"column":4},"end":{"line":18,"column":null}},"type":"if","locations":[{"start":{"line":18,"column":4},"end":{"line":18,"column":null}}]},"1":{"loc":{"start":{"line":20,"column":4},"end":{"line":22,"column":null}},"type":"if","locations":[{"start":{"line":20,"column":4},"end":{"line":22,"column":null}}]},"2":{"loc":{"start":{"line":29,"column":4},"end":{"line":29,"column":null}},"type":"if","locations":[{"start":{"line":29,"column":4},"end":{"line":29,"column":null}}]},"3":{"loc":{"start":{"line":31,"column":26},"end":{"line":31,"column":109}},"type":"cond-expr","locations":[{"start":{"line":31,"column":48},"end":{"line":31,"column":102}},{"start":{"line":31,"column":105},"end":{"line":31,"column":109}}]},"4":{"loc":{"start":{"line":43,"column":28},"end":{"line":43,"column":111}},"type":"cond-expr","locations":[{"start":{"line":43,"column":50},"end":{"line":43,"column":104}},{"start":{"line":43,"column":107},"end":{"line":43,"column":111}}]},"5":{"loc":{"start":{"line":71,"column":28},"end":{"line":71,"column":111}},"type":"cond-expr","locations":[{"start":{"line":71,"column":50},"end":{"line":71,"column":104}},{"start":{"line":71,"column":107},"end":{"line":71,"column":111}}]}},"s":{"0":1,"1":1,"2":14,"3":14,"4":14,"5":4,"6":4,"7":1,"8":3,"9":1,"10":3,"11":4,"12":4,"13":1,"14":3,"15":3,"16":3,"17":2,"18":2,"19":5,"20":2,"21":1,"22":0,"23":0,"24":1,"25":1,"26":2,"27":2,"28":4,"29":2,"30":1},"f":{"0":14,"1":4,"2":4,"3":2,"4":1,"5":0,"6":0,"7":1,"8":2},"b":{"0":[1],"1":[1],"2":[1],"3":[1,2],"4":[3,2],"5":[2,2]}}
}
