TN:
SF:src\domains\auth\service\auth.service.impl.ts
FN:15,(anonymous_0)
FN:17,(anonymous_1)
FN:29,(anonymous_2)
FNF:3
FNH:3
FNDA:5,(anonymous_0)
FNDA:2,(anonymous_1)
FNDA:3,(anonymous_2)
DA:2,1
DA:14,1
DA:15,5
DA:18,2
DA:19,2
DA:21,1
DA:23,1
DA:24,1
DA:26,1
DA:30,3
DA:31,3
DA:33,2
DA:35,2
DA:37,1
DA:39,1
LF:15
LH:15
BRDA:19,0,0,1
BRDA:31,1,0,1
BRDA:35,2,0,1
BRF:3
BRH:3
end_of_record
TN:
SF:src\domains\auth\service\index.ts
FNF:0
FNH:0
DA:1,1
DA:2,1
LF:2
LH:2
BRF:0
BRH:0
end_of_record
TN:
SF:src\domains\comment\service\comment.service.impl.ts
FN:12,(anonymous_0)
FN:18,(anonymous_1)
FN:25,(anonymous_2)
FN:27,(anonymous_3)
FN:30,(anonymous_4)
FN:32,(anonymous_5)
FN:35,(anonymous_6)
FN:49,(anonymous_7)
FN:64,(anonymous_8)
FNF:9
FNH:9
FNDA:15,(anonymous_0)
FNDA:11,(anonymous_1)
FNDA:3,(anonymous_2)
FNDA:2,(anonymous_3)
FNDA:10,(anonymous_4)
FNDA:8,(anonymous_5)
FNDA:5,(anonymous_6)
FNDA:4,(anonymous_7)
FNDA:5,(anonymous_8)
DA:6,1
DA:11,1
DA:12,15
DA:13,15
DA:14,15
DA:15,15
DA:16,15
DA:19,11
DA:20,11
DA:22,11
DA:26,3
DA:27,2
DA:31,10
DA:32,8
DA:36,5
DA:37,5
DA:39,4
DA:41,4
DA:43,3
DA:44,3
DA:46,3
DA:50,4
DA:51,4
DA:52,3
DA:53,3
DA:55,2
DA:57,2
DA:58,4
DA:61,2
DA:65,5
DA:66,5
DA:67,4
DA:68,4
DA:69,3
DA:71,3
DA:72,6
DA:73,6
DA:76,3
LF:38
LH:38
BRDA:22,0,0,11
BRDA:22,0,1,8
BRDA:22,0,2,3
BRDA:26,1,0,2
BRDA:31,2,0,4
BRDA:37,3,0,1
BRDA:41,4,0,1
BRDA:51,5,0,1
BRDA:53,6,0,1
BRDA:66,7,0,1
BRDA:68,8,0,1
BRDA:73,9,0,1
BRDA:73,9,1,5
BRF:13
BRH:13
end_of_record
TN:
SF:src\domains\comment\service\index.ts
FNF:0
FNH:0
DA:1,1
DA:2,1
LF:2
LH:2
BRF:0
BRH:0
end_of_record
TN:
SF:src\domains\follow\service\follow.service.impl.ts
FN:6,(anonymous_0)
FN:8,(anonymous_1)
FN:21,(anonymous_2)
FNF:3
FNH:3
FNDA:7,(anonymous_0)
FNDA:3,(anonymous_1)
FNDA:3,(anonymous_2)
DA:1,1
DA:5,1
DA:6,7
DA:9,3
DA:10,1
DA:13,2
DA:14,2
DA:15,1
DA:18,1
DA:22,3
DA:23,1
DA:26,2
DA:28,2
DA:29,1
DA:32,1
LF:15
LH:15
BRDA:9,0,0,1
BRDA:14,1,0,1
BRDA:22,2,0,1
BRDA:28,3,0,1
BRF:4
BRH:4
end_of_record
TN:
SF:src\domains\follow\service\index.ts
FNF:0
FNH:0
DA:1,1
DA:2,1
LF:2
LH:2
BRF:0
BRH:0
end_of_record
TN:
SF:src\domains\message\service\index.ts
FNF:0
FNH:0
DA:1,1
DA:2,1
LF:2
LH:2
BRF:0
BRH:0
end_of_record
TN:
SF:src\domains\message\service\message.service.impl.ts
FN:6,(anonymous_0)
FN:8,(anonymous_1)
FNF:2
FNH:2
FNDA:3,(anonymous_0)
FNDA:2,(anonymous_1)
DA:5,1
DA:6,3
DA:9,2
LF:3
LH:3
BRF:0
BRH:0
end_of_record
TN:
SF:src\domains\post\service\index.ts
FNF:0
FNH:0
DA:1,1
DA:2,1
LF:2
LH:2
BRF:0
BRH:0
end_of_record
TN:
SF:src\domains\post\service\post.service.impl.ts
FN:11,(anonymous_0)
FN:16,(anonymous_1)
FN:23,(anonymous_2)
FN:25,(anonymous_3)
FN:28,(anonymous_4)
FN:30,(anonymous_5)
FN:33,(anonymous_6)
FN:41,(anonymous_7)
FN:48,(anonymous_8)
FN:61,(anonymous_9)
FN:73,(anonymous_10)
FNF:11
FNH:11
FNDA:16,(anonymous_0)
FNDA:8,(anonymous_1)
FNDA:2,(anonymous_2)
FNDA:2,(anonymous_3)
FNDA:13,(anonymous_4)
FNDA:14,(anonymous_5)
FNDA:2,(anonymous_6)
FNDA:3,(anonymous_7)
FNDA:5,(anonymous_8)
FNDA:2,(anonymous_9)
FNDA:4,(anonymous_10)
DA:4,1
DA:10,1
DA:11,16
DA:12,16
DA:13,16
DA:14,16
DA:17,8
DA:18,8
DA:20,8
DA:24,2
DA:25,2
DA:29,13
DA:30,14
DA:34,2
DA:36,2
DA:38,2
DA:42,3
DA:43,3
DA:44,2
DA:45,1
DA:50,5
DA:51,5
DA:53,4
DA:54,4
DA:56,3
DA:58,3
DA:63,2
DA:65,2
DA:66,4
DA:67,4
DA:70,2
DA:75,4
DA:76,4
DA:78,3
DA:80,3
DA:81,6
DA:82,6
DA:85,3
LF:38
LH:38
BRDA:20,0,0,8
BRDA:20,0,1,5
BRDA:20,0,2,3
BRDA:24,1,0,1
BRDA:29,2,0,6
BRDA:43,3,0,1
BRDA:44,4,0,1
BRDA:51,5,0,1
BRDA:54,6,0,1
BRDA:67,7,0,1
BRDA:67,7,1,3
BRDA:76,8,0,1
BRDA:82,9,0,4
BRDA:82,9,1,2
BRF:14
BRH:14
end_of_record
TN:
SF:src\domains\reaction\service\index.ts
FNF:0
FNH:0
DA:1,1
DA:2,1
LF:2
LH:2
BRF:0
BRH:0
end_of_record
TN:
SF:src\domains\reaction\service\reaction.service.impl.ts
FN:7,(anonymous_0)
FN:8,(anonymous_1)
FN:12,(anonymous_2)
FN:16,(anonymous_3)
FN:26,(anonymous_4)
FNF:5
FNH:5
FNDA:7,(anonymous_0)
FNDA:1,(anonymous_1)
FNDA:1,(anonymous_2)
FNDA:2,(anonymous_3)
FNDA:2,(anonymous_4)
DA:3,1
DA:6,1
DA:7,7
DA:9,1
DA:13,1
DA:17,2
DA:19,2
DA:20,1
DA:23,1
DA:27,2
DA:29,2
DA:30,1
DA:33,1
LF:13
LH:13
BRDA:19,0,0,1
BRDA:29,1,0,1
BRF:2
BRH:2
end_of_record
TN:
SF:src\domains\user\service\index.ts
FNF:0
FNH:0
DA:1,1
DA:2,1
LF:2
LH:2
BRF:0
BRH:0
end_of_record
TN:
SF:src\domains\user\service\user.service.impl.ts
FN:10,(anonymous_0)
FN:16,(anonymous_1)
FN:27,(anonymous_2)
FN:38,(anonymous_3)
FN:49,(anonymous_4)
FN:53,(anonymous_5)
FN:57,(anonymous_6)
FN:61,(anonymous_7)
FN:67,(anonymous_8)
FNF:9
FNH:7
FNDA:14,(anonymous_0)
FNDA:4,(anonymous_1)
FNDA:4,(anonymous_2)
FNDA:2,(anonymous_3)
FNDA:1,(anonymous_4)
FNDA:0,(anonymous_5)
FNDA:0,(anonymous_6)
FNDA:1,(anonymous_7)
FNDA:2,(anonymous_8)
DA:1,1
DA:3,1
DA:9,1
DA:11,14
DA:12,14
DA:13,14
DA:17,4
DA:18,4
DA:20,3
DA:21,1
DA:24,3
DA:28,4
DA:29,4
DA:31,3
DA:33,3
DA:35,3
DA:40,2
DA:42,2
DA:43,5
DA:46,2
DA:50,1
DA:54,0
DA:58,0
DA:62,1
DA:64,1
DA:68,2
DA:70,2
DA:71,4
DA:74,2
LF:29
LH:27
BRDA:18,0,0,1
BRDA:20,1,0,1
BRDA:29,2,0,1
BRDA:31,3,0,1
BRDA:31,3,1,2
BRDA:43,4,0,3
BRDA:43,4,1,2
BRDA:71,5,0,2
BRDA:71,5,1,2
BRF:9
BRH:9
end_of_record
